c:\users\ttv14snikos\desktop\gits\eus\debug\eus.bsc
c:\users\ttv14snikos\desktop\gits\eus\eus\debug\vc120.pdb
c:\users\ttv14snikos\desktop\gits\eus\eus\debug\vc120.idb
c:\users\ttv14snikos\desktop\gits\eus\eus\debug\testcp.sbr
c:\users\ttv14snikos\desktop\gits\eus\eus\debug\tagcontainer.sbr
c:\users\ttv14snikos\desktop\gits\eus\eus\debug\main.sbr
c:\users\ttv14snikos\desktop\gits\eus\eus\debug\entity.sbr
c:\users\ttv14snikos\desktop\gits\eus\eus\debug\componentmanager.sbr
c:\users\ttv14snikos\desktop\gits\eus\eus\debug\component.sbr
c:\users\ttv14snikos\desktop\gits\eus\eus\debug\component.obj
c:\users\ttv14snikos\desktop\gits\eus\eus\debug\componentmanager.obj
c:\users\ttv14snikos\desktop\gits\eus\eus\debug\entity.obj
c:\users\ttv14snikos\desktop\gits\eus\eus\debug\main.obj
c:\users\ttv14snikos\desktop\gits\eus\eus\debug\tagcontainer.obj
c:\users\ttv14snikos\desktop\gits\eus\eus\debug\testcp.obj
c:\users\ttv14snikos\desktop\gits\eus\debug\eus.ilk
c:\users\ttv14snikos\desktop\gits\eus\debug\eus.exe
c:\users\ttv14snikos\desktop\gits\eus\debug\eus.pdb
c:\users\ttv14snikos\desktop\gits\eus\eus\debug\eus.tlog\bscmake.command.1.tlog
c:\users\ttv14snikos\desktop\gits\eus\eus\debug\eus.tlog\bscmake.read.1.tlog
c:\users\ttv14snikos\desktop\gits\eus\eus\debug\eus.tlog\bscmake.write.1.tlog
c:\users\ttv14snikos\desktop\gits\eus\eus\debug\eus.tlog\cl.command.1.tlog
c:\users\ttv14snikos\desktop\gits\eus\eus\debug\eus.tlog\cl.read.1.tlog
c:\users\ttv14snikos\desktop\gits\eus\eus\debug\eus.tlog\cl.write.1.tlog
c:\users\ttv14snikos\desktop\gits\eus\eus\debug\eus.tlog\link.command.1.tlog
c:\users\ttv14snikos\desktop\gits\eus\eus\debug\eus.tlog\link.read.1.tlog
c:\users\ttv14snikos\desktop\gits\eus\eus\debug\eus.tlog\link.write.1.tlog
